2018-12-10 15:21:59,173 INFO org.apache.hadoop.hdfs.server.namenode.NameNode: STARTUP_MSG: 
/************************************************************
STARTUP_MSG: Starting NameNode
STARTUP_MSG:   host = satya-HP-ProDesk-600-G3-SFF/127.0.1.1
STARTUP_MSG:   args = []
STARTUP_MSG:   version = 2.7.6
STARTUP_MSG:   classpath = /home/satya/bigdata/hadoop-2.7.6/etc/hadoop:/home/satya/bigdata/hadoop-2.7.6/share/hadoop/common/lib/hadoop-auth-2.7.6.jar:/home/satya/bigdata/hadoop-2.7.6/share/hadoop/common/lib/jetty-6.1.26.jar:/home/satya/bigdata/hadoop-2.7.6/share/hadoop/common/lib/jetty-util-6.1.26.jar:/home/satya/bigdata/hadoop-2.7.6/share/hadoop/common/lib/htrace-core-3.1.0-incubating.jar:/home/satya/bigdata/hadoop-2.7.6/share/hadoop/common/lib/jackson-jaxrs-1.9.13.jar:/home/satya/bigdata/hadoop-2.7.6/share/hadoop/common/lib/stax-api-1.0-2.jar:/home/satya/bigdata/hadoop-2.7.6/share/hadoop/common/lib/commons-lang-2.6.jar:/home/satya/bigdata/hadoop-2.7.6/share/hadoop/common/lib/avro-1.7.4.jar:/home/satya/bigdata/hadoop-2.7.6/share/hadoop/common/lib/gson-2.2.4.jar:/home/satya/bigdata/hadoop-2.7.6/share/hadoop/common/lib/commons-digester-1.8.jar:/home/satya/bigdata/hadoop-2.7.6/share/hadoop/common/lib/curator-client-2.7.1.jar:/home/satya/bigdata/hadoop-2.7.6/share/hadoop/common/lib/guava-11.0.2.jar:/home/satya/bigdata/hadoop-2.7.6/share/hadoop/common/lib/jackson-mapper-asl-1.9.13.jar:/home/satya/bigdata/hadoop-2.7.6/share/hadoop/common/lib/httpcore-4.2.5.jar:/home/satya/bigdata/hadoop-2.7.6/share/hadoop/common/lib/commons-compress-1.4.1.jar:/home/satya/bigdata/hadoop-2.7.6/share/hadoop/common/lib/jaxb-api-2.2.2.jar:/home/satya/bigdata/hadoop-2.7.6/share/hadoop/common/lib/zookeeper-3.4.6.jar:/home/satya/bigdata/hadoop-2.7.6/share/hadoop/common/lib/asm-3.2.jar:/home/satya/bigdata/hadoop-2.7.6/share/hadoop/common/lib/commons-httpclient-3.1.jar:/home/satya/bigdata/hadoop-2.7.6/share/hadoop/common/lib/commons-net-3.1.jar:/home/satya/bigdata/hadoop-2.7.6/share/hadoop/common/lib/jackson-xc-1.9.13.jar:/home/satya/bigdata/hadoop-2.7.6/share/hadoop/common/lib/java-xmlbuilder-0.4.jar:/home/satya/bigdata/hadoop-2.7.6/share/hadoop/common/lib/protobuf-java-2.5.0.jar:/home/satya/bigdata/hadoop-2.7.6/share/hadoop/common/lib/commons-io-2.4.jar:/home/satya/bigdata/hadoop-2.7.6/share/hadoop/common/lib/xz-1.0.jar:/home/satya/bigdata/hadoop-2.7.6/share/hadoop/common/lib/hamcrest-core-1.3.jar:/home/satya/bigdata/hadoop-2.7.6/share/hadoop/common/lib/jersey-json-1.9.jar:/home/satya/bigdata/hadoop-2.7.6/share/hadoop/common/lib/api-asn1-api-1.0.0-M20.jar:/home/satya/bigdata/hadoop-2.7.6/share/hadoop/common/lib/xmlenc-0.52.jar:/home/satya/bigdata/hadoop-2.7.6/share/hadoop/common/lib/slf4j-log4j12-1.7.10.jar:/home/satya/bigdata/hadoop-2.7.6/share/hadoop/common/lib/snappy-java-1.0.4.1.jar:/home/satya/bigdata/hadoop-2.7.6/share/hadoop/common/lib/commons-beanutils-1.7.0.jar:/home/satya/bigdata/hadoop-2.7.6/share/hadoop/common/lib/activation-1.1.jar:/home/satya/bigdata/hadoop-2.7.6/share/hadoop/common/lib/apacheds-kerberos-codec-2.0.0-M15.jar:/home/satya/bigdata/hadoop-2.7.6/share/hadoop/common/lib/jsp-api-2.1.jar:/home/satya/bigdata/hadoop-2.7.6/share/hadoop/common/lib/curator-framework-2.7.1.jar:/home/satya/bigdata/hadoop-2.7.6/share/hadoop/common/lib/jsr305-3.0.0.jar:/home/satya/bigdata/hadoop-2.7.6/share/hadoop/common/lib/jersey-server-1.9.jar:/home/satya/bigdata/hadoop-2.7.6/share/hadoop/common/lib/commons-collections-3.2.2.jar:/home/satya/bigdata/hadoop-2.7.6/share/hadoop/common/lib/commons-cli-1.2.jar:/home/satya/bigdata/hadoop-2.7.6/share/hadoop/common/lib/junit-4.11.jar:/home/satya/bigdata/hadoop-2.7.6/share/hadoop/common/lib/hadoop-annotations-2.7.6.jar:/home/satya/bigdata/hadoop-2.7.6/share/hadoop/common/lib/jersey-core-1.9.jar:/home/satya/bigdata/hadoop-2.7.6/share/hadoop/common/lib/jetty-sslengine-6.1.26.jar:/home/satya/bigdata/hadoop-2.7.6/share/hadoop/common/lib/jaxb-impl-2.2.3-1.jar:/home/satya/bigdata/hadoop-2.7.6/share/hadoop/common/lib/log4j-1.2.17.jar:/home/satya/bigdata/hadoop-2.7.6/share/hadoop/common/lib/netty-3.6.2.Final.jar:/home/satya/bigdata/hadoop-2.7.6/share/hadoop/common/lib/commons-configuration-1.6.jar:/home/satya/bigdata/hadoop-2.7.6/share/hadoop/common/lib/curator-recipes-2.7.1.jar:/home/satya/bigdata/hadoop-2.7.6/share/hadoop/common/lib/apacheds-i18n-2.0.0-M15.jar:/home/satya/bigdata/hadoop-2.7.6/share/hadoop/common/lib/jackson-core-asl-1.9.13.jar:/home/satya/bigdata/hadoop-2.7.6/share/hadoop/common/lib/paranamer-2.3.jar:/home/satya/bigdata/hadoop-2.7.6/share/hadoop/common/lib/mockito-all-1.8.5.jar:/home/satya/bigdata/hadoop-2.7.6/share/hadoop/common/lib/api-util-1.0.0-M20.jar:/home/satya/bigdata/hadoop-2.7.6/share/hadoop/common/lib/httpclient-4.2.5.jar:/home/satya/bigdata/hadoop-2.7.6/share/hadoop/common/lib/jsch-0.1.54.jar:/home/satya/bigdata/hadoop-2.7.6/share/hadoop/common/lib/commons-math3-3.1.1.jar:/home/satya/bigdata/hadoop-2.7.6/share/hadoop/common/lib/commons-codec-1.4.jar:/home/satya/bigdata/hadoop-2.7.6/share/hadoop/common/lib/commons-beanutils-core-1.8.0.jar:/home/satya/bigdata/hadoop-2.7.6/share/hadoop/common/lib/jettison-1.1.jar:/home/satya/bigdata/hadoop-2.7.6/share/hadoop/common/lib/jets3t-0.9.0.jar:/home/satya/bigdata/hadoop-2.7.6/share/hadoop/common/lib/slf4j-api-1.7.10.jar:/home/satya/bigdata/hadoop-2.7.6/share/hadoop/common/lib/commons-logging-1.1.3.jar:/home/satya/bigdata/hadoop-2.7.6/share/hadoop/common/lib/servlet-api-2.5.jar:/home/satya/bigdata/hadoop-2.7.6/share/hadoop/common/hadoop-nfs-2.7.6.jar:/home/satya/bigdata/hadoop-2.7.6/share/hadoop/common/hadoop-common-2.7.6.jar:/home/satya/bigdata/hadoop-2.7.6/share/hadoop/common/hadoop-common-2.7.6-tests.jar:/home/satya/bigdata/hadoop-2.7.6/share/hadoop/hdfs:/home/satya/bigdata/hadoop-2.7.6/share/hadoop/hdfs/lib/jetty-6.1.26.jar:/home/satya/bigdata/hadoop-2.7.6/share/hadoop/hdfs/lib/jetty-util-6.1.26.jar:/home/satya/bigdata/hadoop-2.7.6/share/hadoop/hdfs/lib/htrace-core-3.1.0-incubating.jar:/home/satya/bigdata/hadoop-2.7.6/share/hadoop/hdfs/lib/xercesImpl-2.9.1.jar:/home/satya/bigdata/hadoop-2.7.6/share/hadoop/hdfs/lib/commons-daemon-1.0.13.jar:/home/satya/bigdata/hadoop-2.7.6/share/hadoop/hdfs/lib/xml-apis-1.3.04.jar:/home/satya/bigdata/hadoop-2.7.6/share/hadoop/hdfs/lib/commons-lang-2.6.jar:/home/satya/bigdata/hadoop-2.7.6/share/hadoop/hdfs/lib/guava-11.0.2.jar:/home/satya/bigdata/hadoop-2.7.6/share/hadoop/hdfs/lib/jackson-mapper-asl-1.9.13.jar:/home/satya/bigdata/hadoop-2.7.6/share/hadoop/hdfs/lib/netty-all-4.0.23.Final.jar:/home/satya/bigdata/hadoop-2.7.6/share/hadoop/hdfs/lib/asm-3.2.jar:/home/satya/bigdata/hadoop-2.7.6/share/hadoop/hdfs/lib/protobuf-java-2.5.0.jar:/home/satya/bigdata/hadoop-2.7.6/share/hadoop/hdfs/lib/commons-io-2.4.jar:/home/satya/bigdata/hadoop-2.7.6/share/hadoop/hdfs/lib/leveldbjni-all-1.8.jar:/home/satya/bigdata/hadoop-2.7.6/share/hadoop/hdfs/lib/xmlenc-0.52.jar:/home/satya/bigdata/hadoop-2.7.6/share/hadoop/hdfs/lib/jsr305-3.0.0.jar:/home/satya/bigdata/hadoop-2.7.6/share/hadoop/hdfs/lib/jersey-server-1.9.jar:/home/satya/bigdata/hadoop-2.7.6/share/hadoop/hdfs/lib/commons-cli-1.2.jar:/home/satya/bigdata/hadoop-2.7.6/share/hadoop/hdfs/lib/jersey-core-1.9.jar:/home/satya/bigdata/hadoop-2.7.6/share/hadoop/hdfs/lib/log4j-1.2.17.jar:/home/satya/bigdata/hadoop-2.7.6/share/hadoop/hdfs/lib/netty-3.6.2.Final.jar:/home/satya/bigdata/hadoop-2.7.6/share/hadoop/hdfs/lib/jackson-core-asl-1.9.13.jar:/home/satya/bigdata/hadoop-2.7.6/share/hadoop/hdfs/lib/commons-codec-1.4.jar:/home/satya/bigdata/hadoop-2.7.6/share/hadoop/hdfs/lib/commons-logging-1.1.3.jar:/home/satya/bigdata/hadoop-2.7.6/share/hadoop/hdfs/lib/servlet-api-2.5.jar:/home/satya/bigdata/hadoop-2.7.6/share/hadoop/hdfs/hadoop-hdfs-2.7.6-tests.jar:/home/satya/bigdata/hadoop-2.7.6/share/hadoop/hdfs/hadoop-hdfs-2.7.6.jar:/home/satya/bigdata/hadoop-2.7.6/share/hadoop/hdfs/hadoop-hdfs-nfs-2.7.6.jar:/home/satya/bigdata/hadoop-2.7.6/share/hadoop/yarn/lib/jetty-6.1.26.jar:/home/satya/bigdata/hadoop-2.7.6/share/hadoop/yarn/lib/guice-3.0.jar:/home/satya/bigdata/hadoop-2.7.6/share/hadoop/yarn/lib/jetty-util-6.1.26.jar:/home/satya/bigdata/hadoop-2.7.6/share/hadoop/yarn/lib/jackson-jaxrs-1.9.13.jar:/home/satya/bigdata/hadoop-2.7.6/share/hadoop/yarn/lib/stax-api-1.0-2.jar:/home/satya/bigdata/hadoop-2.7.6/share/hadoop/yarn/lib/commons-lang-2.6.jar:/home/satya/bigdata/hadoop-2.7.6/share/hadoop/yarn/lib/jersey-client-1.9.jar:/home/satya/bigdata/hadoop-2.7.6/share/hadoop/yarn/lib/javax.inject-1.jar:/home/satya/bigdata/hadoop-2.7.6/share/hadoop/yarn/lib/jersey-guice-1.9.jar:/home/satya/bigdata/hadoop-2.7.6/share/hadoop/yarn/lib/guava-11.0.2.jar:/home/satya/bigdata/hadoop-2.7.6/share/hadoop/yarn/lib/jackson-mapper-asl-1.9.13.jar:/home/satya/bigdata/hadoop-2.7.6/share/hadoop/yarn/lib/commons-compress-1.4.1.jar:/home/satya/bigdata/hadoop-2.7.6/share/hadoop/yarn/lib/jaxb-api-2.2.2.jar:/home/satya/bigdata/hadoop-2.7.6/share/hadoop/yarn/lib/zookeeper-3.4.6.jar:/home/satya/bigdata/hadoop-2.7.6/share/hadoop/yarn/lib/asm-3.2.jar:/home/satya/bigdata/hadoop-2.7.6/share/hadoop/yarn/lib/jackson-xc-1.9.13.jar:/home/satya/bigdata/hadoop-2.7.6/share/hadoop/yarn/lib/protobuf-java-2.5.0.jar:/home/satya/bigdata/hadoop-2.7.6/share/hadoop/yarn/lib/commons-io-2.4.jar:/home/satya/bigdata/hadoop-2.7.6/share/hadoop/yarn/lib/xz-1.0.jar:/home/satya/bigdata/hadoop-2.7.6/share/hadoop/yarn/lib/leveldbjni-all-1.8.jar:/home/satya/bigdata/hadoop-2.7.6/share/hadoop/yarn/lib/jersey-json-1.9.jar:/home/satya/bigdata/hadoop-2.7.6/share/hadoop/yarn/lib/zookeeper-3.4.6-tests.jar:/home/satya/bigdata/hadoop-2.7.6/share/hadoop/yarn/lib/activation-1.1.jar:/home/satya/bigdata/hadoop-2.7.6/share/hadoop/yarn/lib/jsr305-3.0.0.jar:/home/satya/bigdata/hadoop-2.7.6/share/hadoop/yarn/lib/jersey-server-1.9.jar:/home/satya/bigdata/hadoop-2.7.6/share/hadoop/yarn/lib/commons-collections-3.2.2.jar:/home/satya/bigdata/hadoop-2.7.6/share/hadoop/yarn/lib/commons-cli-1.2.jar:/home/satya/bigdata/hadoop-2.7.6/share/hadoop/yarn/lib/jersey-core-1.9.jar:/home/satya/bigdata/hadoop-2.7.6/share/hadoop/yarn/lib/jaxb-impl-2.2.3-1.jar:/home/satya/bigdata/hadoop-2.7.6/share/hadoop/yarn/lib/log4j-1.2.17.jar:/home/satya/bigdata/hadoop-2.7.6/share/hadoop/yarn/lib/netty-3.6.2.Final.jar:/home/satya/bigdata/hadoop-2.7.6/share/hadoop/yarn/lib/jackson-core-asl-1.9.13.jar:/home/satya/bigdata/hadoop-2.7.6/share/hadoop/yarn/lib/commons-codec-1.4.jar:/home/satya/bigdata/hadoop-2.7.6/share/hadoop/yarn/lib/guice-servlet-3.0.jar:/home/satya/bigdata/hadoop-2.7.6/share/hadoop/yarn/lib/jettison-1.1.jar:/home/satya/bigdata/hadoop-2.7.6/share/hadoop/yarn/lib/aopalliance-1.0.jar:/home/satya/bigdata/hadoop-2.7.6/share/hadoop/yarn/lib/commons-logging-1.1.3.jar:/home/satya/bigdata/hadoop-2.7.6/share/hadoop/yarn/lib/servlet-api-2.5.jar:/home/satya/bigdata/hadoop-2.7.6/share/hadoop/yarn/hadoop-yarn-server-tests-2.7.6.jar:/home/satya/bigdata/hadoop-2.7.6/share/hadoop/yarn/hadoop-yarn-api-2.7.6.jar:/home/satya/bigdata/hadoop-2.7.6/share/hadoop/yarn/hadoop-yarn-server-nodemanager-2.7.6.jar:/home/satya/bigdata/hadoop-2.7.6/share/hadoop/yarn/hadoop-yarn-server-sharedcachemanager-2.7.6.jar:/home/satya/bigdata/hadoop-2.7.6/share/hadoop/yarn/hadoop-yarn-client-2.7.6.jar:/home/satya/bigdata/hadoop-2.7.6/share/hadoop/yarn/hadoop-yarn-server-applicationhistoryservice-2.7.6.jar:/home/satya/bigdata/hadoop-2.7.6/share/hadoop/yarn/hadoop-yarn-applications-distributedshell-2.7.6.jar:/home/satya/bigdata/hadoop-2.7.6/share/hadoop/yarn/hadoop-yarn-server-web-proxy-2.7.6.jar:/home/satya/bigdata/hadoop-2.7.6/share/hadoop/yarn/hadoop-yarn-applications-unmanaged-am-launcher-2.7.6.jar:/home/satya/bigdata/hadoop-2.7.6/share/hadoop/yarn/hadoop-yarn-server-common-2.7.6.jar:/home/satya/bigdata/hadoop-2.7.6/share/hadoop/yarn/hadoop-yarn-server-resourcemanager-2.7.6.jar:/home/satya/bigdata/hadoop-2.7.6/share/hadoop/yarn/hadoop-yarn-registry-2.7.6.jar:/home/satya/bigdata/hadoop-2.7.6/share/hadoop/yarn/hadoop-yarn-common-2.7.6.jar:/home/satya/bigdata/hadoop-2.7.6/share/hadoop/mapreduce/lib/guice-3.0.jar:/home/satya/bigdata/hadoop-2.7.6/share/hadoop/mapreduce/lib/avro-1.7.4.jar:/home/satya/bigdata/hadoop-2.7.6/share/hadoop/mapreduce/lib/javax.inject-1.jar:/home/satya/bigdata/hadoop-2.7.6/share/hadoop/mapreduce/lib/jersey-guice-1.9.jar:/home/satya/bigdata/hadoop-2.7.6/share/hadoop/mapreduce/lib/jackson-mapper-asl-1.9.13.jar:/home/satya/bigdata/hadoop-2.7.6/share/hadoop/mapreduce/lib/commons-compress-1.4.1.jar:/home/satya/bigdata/hadoop-2.7.6/share/hadoop/mapreduce/lib/asm-3.2.jar:/home/satya/bigdata/hadoop-2.7.6/share/hadoop/mapreduce/lib/protobuf-java-2.5.0.jar:/home/satya/bigdata/hadoop-2.7.6/share/hadoop/mapreduce/lib/commons-io-2.4.jar:/home/satya/bigdata/hadoop-2.7.6/share/hadoop/mapreduce/lib/xz-1.0.jar:/home/satya/bigdata/hadoop-2.7.6/share/hadoop/mapreduce/lib/hamcrest-core-1.3.jar:/home/satya/bigdata/hadoop-2.7.6/share/hadoop/mapreduce/lib/leveldbjni-all-1.8.jar:/home/satya/bigdata/hadoop-2.7.6/share/hadoop/mapreduce/lib/snappy-java-1.0.4.1.jar:/home/satya/bigdata/hadoop-2.7.6/share/hadoop/mapreduce/lib/jersey-server-1.9.jar:/home/satya/bigdata/hadoop-2.7.6/share/hadoop/mapreduce/lib/junit-4.11.jar:/home/satya/bigdata/hadoop-2.7.6/share/hadoop/mapreduce/lib/hadoop-annotations-2.7.6.jar:/home/satya/bigdata/hadoop-2.7.6/share/hadoop/mapreduce/lib/jersey-core-1.9.jar:/home/satya/bigdata/hadoop-2.7.6/share/hadoop/mapreduce/lib/log4j-1.2.17.jar:/home/satya/bigdata/hadoop-2.7.6/share/hadoop/mapreduce/lib/netty-3.6.2.Final.jar:/home/satya/bigdata/hadoop-2.7.6/share/hadoop/mapreduce/lib/jackson-core-asl-1.9.13.jar:/home/satya/bigdata/hadoop-2.7.6/share/hadoop/mapreduce/lib/paranamer-2.3.jar:/home/satya/bigdata/hadoop-2.7.6/share/hadoop/mapreduce/lib/guice-servlet-3.0.jar:/home/satya/bigdata/hadoop-2.7.6/share/hadoop/mapreduce/lib/aopalliance-1.0.jar:/home/satya/bigdata/hadoop-2.7.6/share/hadoop/mapreduce/hadoop-mapreduce-client-shuffle-2.7.6.jar:/home/satya/bigdata/hadoop-2.7.6/share/hadoop/mapreduce/hadoop-mapreduce-client-core-2.7.6.jar:/home/satya/bigdata/hadoop-2.7.6/share/hadoop/mapreduce/hadoop-mapreduce-client-jobclient-2.7.6-tests.jar:/home/satya/bigdata/hadoop-2.7.6/share/hadoop/mapreduce/hadoop-mapreduce-examples-2.7.6.jar:/home/satya/bigdata/hadoop-2.7.6/share/hadoop/mapreduce/hadoop-mapreduce-client-hs-2.7.6.jar:/home/satya/bigdata/hadoop-2.7.6/share/hadoop/mapreduce/hadoop-mapreduce-client-jobclient-2.7.6.jar:/home/satya/bigdata/hadoop-2.7.6/share/hadoop/mapreduce/hadoop-mapreduce-client-common-2.7.6.jar:/home/satya/bigdata/hadoop-2.7.6/share/hadoop/mapreduce/hadoop-mapreduce-client-app-2.7.6.jar:/home/satya/bigdata/hadoop-2.7.6/share/hadoop/mapreduce/hadoop-mapreduce-client-hs-plugins-2.7.6.jar:/contrib/capacity-scheduler/*.jar:/contrib/capacity-scheduler/*.jar:/contrib/capacity-scheduler/*.jar
STARTUP_MSG:   build = https://shv@git-wip-us.apache.org/repos/asf/hadoop.git -r 085099c66cf28be31604560c376fa282e69282b8; compiled by 'kshvachk' on 2018-04-18T01:33Z
STARTUP_MSG:   java = 1.8.0_191
************************************************************/
2018-12-10 15:21:59,177 INFO org.apache.hadoop.hdfs.server.namenode.NameNode: registered UNIX signal handlers for [TERM, HUP, INT]
2018-12-10 15:21:59,179 INFO org.apache.hadoop.hdfs.server.namenode.NameNode: createNameNode []
2018-12-10 15:21:59,329 INFO org.apache.hadoop.metrics2.impl.MetricsConfig: loaded properties from hadoop-metrics2.properties
2018-12-10 15:21:59,372 INFO org.apache.hadoop.metrics2.impl.MetricsSystemImpl: Scheduled snapshot period at 10 second(s).
2018-12-10 15:21:59,372 INFO org.apache.hadoop.metrics2.impl.MetricsSystemImpl: NameNode metrics system started
2018-12-10 15:21:59,373 INFO org.apache.hadoop.hdfs.server.namenode.NameNode: fs.defaultFS is hdfs://localhost:9000
2018-12-10 15:21:59,374 INFO org.apache.hadoop.hdfs.server.namenode.NameNode: Clients are to use localhost:9000 to access this namenode/service.
2018-12-10 15:21:59,455 INFO org.apache.hadoop.hdfs.DFSUtil: Starting Web-server for hdfs at: http://0.0.0.0:50070
2018-12-10 15:21:59,483 INFO org.mortbay.log: Logging to org.slf4j.impl.Log4jLoggerAdapter(org.mortbay.log) via org.mortbay.log.Slf4jLog
2018-12-10 15:21:59,487 INFO org.apache.hadoop.security.authentication.server.AuthenticationFilter: Unable to initialize FileSignerSecretProvider, falling back to use random secrets.
2018-12-10 15:21:59,494 INFO org.apache.hadoop.http.HttpRequestLog: Http request log for http.requests.namenode is not defined
2018-12-10 15:21:59,497 INFO org.apache.hadoop.http.HttpServer2: Added global filter 'safety' (class=org.apache.hadoop.http.HttpServer2$QuotingInputFilter)
2018-12-10 15:21:59,498 INFO org.apache.hadoop.http.HttpServer2: Added filter static_user_filter (class=org.apache.hadoop.http.lib.StaticUserWebFilter$StaticUserFilter) to context hdfs
2018-12-10 15:21:59,498 INFO org.apache.hadoop.http.HttpServer2: Added filter static_user_filter (class=org.apache.hadoop.http.lib.StaticUserWebFilter$StaticUserFilter) to context logs
2018-12-10 15:21:59,498 INFO org.apache.hadoop.http.HttpServer2: Added filter static_user_filter (class=org.apache.hadoop.http.lib.StaticUserWebFilter$StaticUserFilter) to context static
2018-12-10 15:21:59,558 INFO org.apache.hadoop.http.HttpServer2: Added filter 'org.apache.hadoop.hdfs.web.AuthFilter' (class=org.apache.hadoop.hdfs.web.AuthFilter)
2018-12-10 15:21:59,559 INFO org.apache.hadoop.http.HttpServer2: addJerseyResourcePackage: packageName=org.apache.hadoop.hdfs.server.namenode.web.resources;org.apache.hadoop.hdfs.web.resources, pathSpec=/webhdfs/v1/*
2018-12-10 15:21:59,565 INFO org.apache.hadoop.http.HttpServer2: Jetty bound to port 50070
2018-12-10 15:21:59,565 INFO org.mortbay.log: jetty-6.1.26
2018-12-10 15:21:59,627 INFO org.mortbay.log: Started HttpServer2$SelectChannelConnectorWithSafeStartup@0.0.0.0:50070
2018-12-10 15:21:59,647 WARN org.apache.hadoop.hdfs.server.common.Util: Path /home/satya/bigdata/nodes/dfs/namenode should be specified as a URI in configuration files. Please update hdfs configuration.
2018-12-10 15:21:59,647 WARN org.apache.hadoop.hdfs.server.common.Util: Path /home/satya/bigdata/nodes/dfs/namenode should be specified as a URI in configuration files. Please update hdfs configuration.
2018-12-10 15:21:59,647 WARN org.apache.hadoop.hdfs.server.namenode.FSNamesystem: Only one image storage directory (dfs.namenode.name.dir) configured. Beware of data loss due to lack of redundant storage directories!
2018-12-10 15:21:59,648 WARN org.apache.hadoop.hdfs.server.namenode.FSNamesystem: Only one namespace edits storage directory (dfs.namenode.edits.dir) configured. Beware of data loss due to lack of redundant storage directories!
2018-12-10 15:21:59,651 WARN org.apache.hadoop.hdfs.server.common.Util: Path /home/satya/bigdata/nodes/dfs/namenode should be specified as a URI in configuration files. Please update hdfs configuration.
2018-12-10 15:21:59,651 WARN org.apache.hadoop.hdfs.server.common.Util: Path /home/satya/bigdata/nodes/dfs/namenode should be specified as a URI in configuration files. Please update hdfs configuration.
2018-12-10 15:21:59,670 INFO org.apache.hadoop.hdfs.server.namenode.FSNamesystem: No KeyProvider found.
2018-12-10 15:21:59,670 INFO org.apache.hadoop.hdfs.server.namenode.FSNamesystem: fsLock is fair: true
2018-12-10 15:21:59,671 INFO org.apache.hadoop.hdfs.server.namenode.FSNamesystem: Detailed lock hold time metrics enabled: false
2018-12-10 15:21:59,692 INFO org.apache.hadoop.hdfs.server.blockmanagement.DatanodeManager: dfs.block.invalidate.limit=1000
2018-12-10 15:21:59,692 INFO org.apache.hadoop.hdfs.server.blockmanagement.DatanodeManager: dfs.namenode.datanode.registration.ip-hostname-check=true
2018-12-10 15:21:59,693 INFO org.apache.hadoop.hdfs.server.blockmanagement.BlockManager: dfs.namenode.startup.delay.block.deletion.sec is set to 000:00:00:00.000
2018-12-10 15:21:59,693 INFO org.apache.hadoop.hdfs.server.blockmanagement.BlockManager: The block deletion will start around 2018 Dec 10 15:21:59
2018-12-10 15:21:59,694 INFO org.apache.hadoop.util.GSet: Computing capacity for map BlocksMap
2018-12-10 15:21:59,694 INFO org.apache.hadoop.util.GSet: VM type       = 64-bit
2018-12-10 15:21:59,695 INFO org.apache.hadoop.util.GSet: 2.0% max memory 889 MB = 17.8 MB
2018-12-10 15:21:59,695 INFO org.apache.hadoop.util.GSet: capacity      = 2^21 = 2097152 entries
2018-12-10 15:21:59,703 INFO org.apache.hadoop.hdfs.server.blockmanagement.BlockManager: dfs.block.access.token.enable=false
2018-12-10 15:21:59,703 INFO org.apache.hadoop.hdfs.server.blockmanagement.BlockManager: defaultReplication         = 1
2018-12-10 15:21:59,703 INFO org.apache.hadoop.hdfs.server.blockmanagement.BlockManager: maxReplication             = 512
2018-12-10 15:21:59,704 INFO org.apache.hadoop.hdfs.server.blockmanagement.BlockManager: minReplication             = 1
2018-12-10 15:21:59,704 INFO org.apache.hadoop.hdfs.server.blockmanagement.BlockManager: maxReplicationStreams      = 2
2018-12-10 15:21:59,704 INFO org.apache.hadoop.hdfs.server.blockmanagement.BlockManager: replicationRecheckInterval = 3000
2018-12-10 15:21:59,704 INFO org.apache.hadoop.hdfs.server.blockmanagement.BlockManager: encryptDataTransfer        = false
2018-12-10 15:21:59,704 INFO org.apache.hadoop.hdfs.server.blockmanagement.BlockManager: maxNumBlocksToLog          = 1000
2018-12-10 15:21:59,707 INFO org.apache.hadoop.hdfs.server.namenode.FSNamesystem: fsOwner             = satya (auth:SIMPLE)
2018-12-10 15:21:59,707 INFO org.apache.hadoop.hdfs.server.namenode.FSNamesystem: supergroup          = supergroup
2018-12-10 15:21:59,707 INFO org.apache.hadoop.hdfs.server.namenode.FSNamesystem: isPermissionEnabled = true
2018-12-10 15:21:59,707 INFO org.apache.hadoop.hdfs.server.namenode.FSNamesystem: HA Enabled: false
2018-12-10 15:21:59,707 INFO org.apache.hadoop.hdfs.server.namenode.FSNamesystem: Append Enabled: true
2018-12-10 15:21:59,843 INFO org.apache.hadoop.util.GSet: Computing capacity for map INodeMap
2018-12-10 15:21:59,843 INFO org.apache.hadoop.util.GSet: VM type       = 64-bit
2018-12-10 15:21:59,843 INFO org.apache.hadoop.util.GSet: 1.0% max memory 889 MB = 8.9 MB
2018-12-10 15:21:59,843 INFO org.apache.hadoop.util.GSet: capacity      = 2^20 = 1048576 entries
2018-12-10 15:21:59,843 INFO org.apache.hadoop.hdfs.server.namenode.FSDirectory: ACLs enabled? false
2018-12-10 15:21:59,843 INFO org.apache.hadoop.hdfs.server.namenode.FSDirectory: XAttrs enabled? true
2018-12-10 15:21:59,844 INFO org.apache.hadoop.hdfs.server.namenode.FSDirectory: Maximum size of an xattr: 16384
2018-12-10 15:21:59,844 INFO org.apache.hadoop.hdfs.server.namenode.NameNode: Caching file names occuring more than 10 times
2018-12-10 15:21:59,847 INFO org.apache.hadoop.util.GSet: Computing capacity for map cachedBlocks
2018-12-10 15:21:59,847 INFO org.apache.hadoop.util.GSet: VM type       = 64-bit
2018-12-10 15:21:59,847 INFO org.apache.hadoop.util.GSet: 0.25% max memory 889 MB = 2.2 MB
2018-12-10 15:21:59,847 INFO org.apache.hadoop.util.GSet: capacity      = 2^18 = 262144 entries
2018-12-10 15:21:59,848 INFO org.apache.hadoop.hdfs.server.namenode.FSNamesystem: dfs.namenode.safemode.threshold-pct = 0.9990000128746033
2018-12-10 15:21:59,848 INFO org.apache.hadoop.hdfs.server.namenode.FSNamesystem: dfs.namenode.safemode.min.datanodes = 0
2018-12-10 15:21:59,848 INFO org.apache.hadoop.hdfs.server.namenode.FSNamesystem: dfs.namenode.safemode.extension     = 30000
2018-12-10 15:21:59,850 INFO org.apache.hadoop.hdfs.server.namenode.top.metrics.TopMetrics: NNTop conf: dfs.namenode.top.window.num.buckets = 10
2018-12-10 15:21:59,850 INFO org.apache.hadoop.hdfs.server.namenode.top.metrics.TopMetrics: NNTop conf: dfs.namenode.top.num.users = 10
2018-12-10 15:21:59,850 INFO org.apache.hadoop.hdfs.server.namenode.top.metrics.TopMetrics: NNTop conf: dfs.namenode.top.windows.minutes = 1,5,25
2018-12-10 15:21:59,851 INFO org.apache.hadoop.hdfs.server.namenode.FSNamesystem: Retry cache on namenode is enabled
2018-12-10 15:21:59,851 INFO org.apache.hadoop.hdfs.server.namenode.FSNamesystem: Retry cache will use 0.03 of total heap and retry cache entry expiry time is 600000 millis
2018-12-10 15:21:59,852 INFO org.apache.hadoop.util.GSet: Computing capacity for map NameNodeRetryCache
2018-12-10 15:21:59,852 INFO org.apache.hadoop.util.GSet: VM type       = 64-bit
2018-12-10 15:21:59,852 INFO org.apache.hadoop.util.GSet: 0.029999999329447746% max memory 889 MB = 273.1 KB
2018-12-10 15:21:59,852 INFO org.apache.hadoop.util.GSet: capacity      = 2^15 = 32768 entries
2018-12-10 15:21:59,913 INFO org.apache.hadoop.hdfs.server.common.Storage: Lock on /home/satya/bigdata/nodes/dfs/namenode/in_use.lock acquired by nodename 8177@satya-HP-ProDesk-600-G3-SFF
2018-12-10 15:21:59,944 INFO org.apache.hadoop.hdfs.server.namenode.FileJournalManager: Recovering unfinalized segments in /home/satya/bigdata/nodes/dfs/namenode/current
2018-12-10 15:21:59,945 INFO org.apache.hadoop.hdfs.server.namenode.FSImage: No edit log streams selected.
2018-12-10 15:21:59,945 INFO org.apache.hadoop.hdfs.server.namenode.FSImage: Planning to load image: FSImageFile(file=/home/satya/bigdata/nodes/dfs/namenode/current/fsimage_0000000000000000000, cpktTxId=0000000000000000000)
2018-12-10 15:21:59,969 INFO org.apache.hadoop.hdfs.server.namenode.FSImageFormatPBINode: Loading 1 INodes.
2018-12-10 15:21:59,985 INFO org.apache.hadoop.hdfs.server.namenode.FSImageFormatProtobuf: Loaded FSImage in 0 seconds.
2018-12-10 15:21:59,985 INFO org.apache.hadoop.hdfs.server.namenode.FSImage: Loaded image for txid 0 from /home/satya/bigdata/nodes/dfs/namenode/current/fsimage_0000000000000000000
2018-12-10 15:21:59,987 INFO org.apache.hadoop.hdfs.server.namenode.FSImage: Initializing quota with 4 thread(s)
2018-12-10 15:21:59,991 INFO org.apache.hadoop.hdfs.server.namenode.FSImage: Quota initialization completed in 4 milliseconds
name space=1
storage space=0
storage types=RAM_DISK=0, SSD=0, DISK=0, ARCHIVE=0
2018-12-10 15:21:59,991 INFO org.apache.hadoop.hdfs.server.namenode.FSNamesystem: Need to save fs image? false (staleImage=false, haEnabled=false, isRollingUpgrade=false)
2018-12-10 15:21:59,992 INFO org.apache.hadoop.hdfs.server.namenode.FSEditLog: Starting log segment at 1
2018-12-10 15:22:00,181 INFO org.apache.hadoop.hdfs.server.namenode.NameCache: initialized with 0 entries 0 lookups
2018-12-10 15:22:00,181 INFO org.apache.hadoop.hdfs.server.namenode.FSNamesystem: Finished loading FSImage in 328 msecs
2018-12-10 15:22:00,289 INFO org.apache.hadoop.hdfs.server.namenode.NameNode: RPC server is binding to localhost:9000
2018-12-10 15:22:00,292 INFO org.apache.hadoop.ipc.CallQueueManager: Using callQueue: class java.util.concurrent.LinkedBlockingQueue queueCapacity: 1000
2018-12-10 15:22:00,298 INFO org.apache.hadoop.ipc.Server: Starting Socket Reader #1 for port 9000
2018-12-10 15:22:00,324 INFO org.apache.hadoop.hdfs.server.namenode.FSNamesystem: Registered FSNamesystemState MBean
2018-12-10 15:22:00,325 WARN org.apache.hadoop.hdfs.server.common.Util: Path /home/satya/bigdata/nodes/dfs/namenode should be specified as a URI in configuration files. Please update hdfs configuration.
2018-12-10 15:22:00,343 INFO org.apache.hadoop.hdfs.server.namenode.LeaseManager: Number of blocks under construction: 0
2018-12-10 15:22:00,343 INFO org.apache.hadoop.hdfs.server.namenode.LeaseManager: Number of blocks under construction: 0
2018-12-10 15:22:00,343 INFO org.apache.hadoop.hdfs.server.namenode.FSNamesystem: initializing replication queues
2018-12-10 15:22:00,344 INFO org.apache.hadoop.hdfs.StateChange: STATE* Leaving safe mode after 0 secs
2018-12-10 15:22:00,344 INFO org.apache.hadoop.hdfs.StateChange: STATE* Network topology has 0 racks and 0 datanodes
2018-12-10 15:22:00,344 INFO org.apache.hadoop.hdfs.StateChange: STATE* UnderReplicatedBlocks has 0 blocks
2018-12-10 15:22:00,347 INFO org.apache.hadoop.hdfs.server.blockmanagement.DatanodeDescriptor: Number of failed storage changes from 0 to 0
2018-12-10 15:22:00,350 INFO org.apache.hadoop.hdfs.server.blockmanagement.BlockManager: Total number of blocks            = 0
2018-12-10 15:22:00,350 INFO org.apache.hadoop.hdfs.server.blockmanagement.BlockManager: Number of invalid blocks          = 0
2018-12-10 15:22:00,350 INFO org.apache.hadoop.hdfs.server.blockmanagement.BlockManager: Number of under-replicated blocks = 0
2018-12-10 15:22:00,350 INFO org.apache.hadoop.hdfs.server.blockmanagement.BlockManager: Number of  over-replicated blocks = 0
2018-12-10 15:22:00,350 INFO org.apache.hadoop.hdfs.server.blockmanagement.BlockManager: Number of blocks being written    = 0
2018-12-10 15:22:00,350 INFO org.apache.hadoop.hdfs.StateChange: STATE* Replication Queue initialization scan for invalid, over- and under-replicated blocks completed in 6 msec
2018-12-10 15:22:00,362 INFO org.apache.hadoop.ipc.Server: IPC Server Responder: starting
2018-12-10 15:22:00,362 INFO org.apache.hadoop.ipc.Server: IPC Server listener on 9000: starting
2018-12-10 15:22:00,365 INFO org.apache.hadoop.hdfs.server.namenode.NameNode: NameNode RPC up at: localhost/127.0.0.1:9000
2018-12-10 15:22:00,365 INFO org.apache.hadoop.hdfs.server.namenode.FSNamesystem: Starting services required for active state
2018-12-10 15:22:00,367 INFO org.apache.hadoop.hdfs.server.blockmanagement.CacheReplicationMonitor: Starting CacheReplicationMonitor with interval 30000 milliseconds
2018-12-10 15:23:30,834 INFO org.apache.hadoop.hdfs.server.namenode.FSNamesystem: Roll Edit Log from 127.0.0.1
2018-12-10 15:23:30,834 INFO org.apache.hadoop.hdfs.server.namenode.FSEditLog: Rolling edit logs
2018-12-10 15:23:30,834 INFO org.apache.hadoop.hdfs.server.namenode.FSEditLog: Ending log segment 1
2018-12-10 15:23:30,834 INFO org.apache.hadoop.hdfs.server.namenode.FSEditLog: Number of transactions: 2 Total time for transactions(ms): 1 Number of transactions batched in Syncs: 0 Number of syncs: 2 SyncTimes(ms): 77 
2018-12-10 15:23:30,859 INFO org.apache.hadoop.hdfs.server.namenode.FSEditLog: Number of transactions: 2 Total time for transactions(ms): 1 Number of transactions batched in Syncs: 0 Number of syncs: 3 SyncTimes(ms): 101 
2018-12-10 15:23:30,859 INFO org.apache.hadoop.hdfs.server.namenode.FileJournalManager: Finalizing edits file /home/satya/bigdata/nodes/dfs/namenode/current/edits_inprogress_0000000000000000001 -> /home/satya/bigdata/nodes/dfs/namenode/current/edits_0000000000000000001-0000000000000000002
2018-12-10 15:23:30,861 INFO org.apache.hadoop.hdfs.server.namenode.FSEditLog: Starting log segment at 3
2018-12-10 15:23:31,529 INFO org.apache.hadoop.hdfs.server.namenode.TransferFsImage: Transfer took 0.05s at 0.00 KB/s
2018-12-10 15:23:31,530 INFO org.apache.hadoop.hdfs.server.namenode.TransferFsImage: Downloaded file fsimage.ckpt_0000000000000000002 size 322 bytes.
2018-12-10 15:23:31,572 INFO org.apache.hadoop.hdfs.server.namenode.NNStorageRetentionManager: Going to retain 2 images with txid >= 0
2018-12-10 15:34:42,740 ERROR org.apache.hadoop.hdfs.server.namenode.NameNode: RECEIVED SIGNAL 15: SIGTERM
2018-12-10 15:34:42,741 INFO org.apache.hadoop.hdfs.server.namenode.NameNode: SHUTDOWN_MSG: 
/************************************************************
SHUTDOWN_MSG: Shutting down NameNode at satya-HP-ProDesk-600-G3-SFF/127.0.1.1
************************************************************/
2018-12-10 15:35:41,744 INFO org.apache.hadoop.hdfs.server.namenode.NameNode: STARTUP_MSG: 
/************************************************************
STARTUP_MSG: Starting NameNode
STARTUP_MSG:   host = satya-HP-ProDesk-600-G3-SFF/127.0.1.1
STARTUP_MSG:   args = []
STARTUP_MSG:   version = 2.7.6
STARTUP_MSG:   classpath = /home/satya/bigdata/hadoop-2.7.6/etc/hadoop:/home/satya/bigdata/hadoop-2.7.6/share/hadoop/common/lib/hadoop-auth-2.7.6.jar:/home/satya/bigdata/hadoop-2.7.6/share/hadoop/common/lib/jetty-6.1.26.jar:/home/satya/bigdata/hadoop-2.7.6/share/hadoop/common/lib/jetty-util-6.1.26.jar:/home/satya/bigdata/hadoop-2.7.6/share/hadoop/common/lib/htrace-core-3.1.0-incubating.jar:/home/satya/bigdata/hadoop-2.7.6/share/hadoop/common/lib/jackson-jaxrs-1.9.13.jar:/home/satya/bigdata/hadoop-2.7.6/share/hadoop/common/lib/stax-api-1.0-2.jar:/home/satya/bigdata/hadoop-2.7.6/share/hadoop/common/lib/commons-lang-2.6.jar:/home/satya/bigdata/hadoop-2.7.6/share/hadoop/common/lib/avro-1.7.4.jar:/home/satya/bigdata/hadoop-2.7.6/share/hadoop/common/lib/gson-2.2.4.jar:/home/satya/bigdata/hadoop-2.7.6/share/hadoop/common/lib/commons-digester-1.8.jar:/home/satya/bigdata/hadoop-2.7.6/share/hadoop/common/lib/curator-client-2.7.1.jar:/home/satya/bigdata/hadoop-2.7.6/share/hadoop/common/lib/guava-11.0.2.jar:/home/satya/bigdata/hadoop-2.7.6/share/hadoop/common/lib/jackson-mapper-asl-1.9.13.jar:/home/satya/bigdata/hadoop-2.7.6/share/hadoop/common/lib/httpcore-4.2.5.jar:/home/satya/bigdata/hadoop-2.7.6/share/hadoop/common/lib/commons-compress-1.4.1.jar:/home/satya/bigdata/hadoop-2.7.6/share/hadoop/common/lib/jaxb-api-2.2.2.jar:/home/satya/bigdata/hadoop-2.7.6/share/hadoop/common/lib/zookeeper-3.4.6.jar:/home/satya/bigdata/hadoop-2.7.6/share/hadoop/common/lib/asm-3.2.jar:/home/satya/bigdata/hadoop-2.7.6/share/hadoop/common/lib/commons-httpclient-3.1.jar:/home/satya/bigdata/hadoop-2.7.6/share/hadoop/common/lib/commons-net-3.1.jar:/home/satya/bigdata/hadoop-2.7.6/share/hadoop/common/lib/jackson-xc-1.9.13.jar:/home/satya/bigdata/hadoop-2.7.6/share/hadoop/common/lib/java-xmlbuilder-0.4.jar:/home/satya/bigdata/hadoop-2.7.6/share/hadoop/common/lib/protobuf-java-2.5.0.jar:/home/satya/bigdata/hadoop-2.7.6/share/hadoop/common/lib/commons-io-2.4.jar:/home/satya/bigdata/hadoop-2.7.6/share/hadoop/common/lib/xz-1.0.jar:/home/satya/bigdata/hadoop-2.7.6/share/hadoop/common/lib/hamcrest-core-1.3.jar:/home/satya/bigdata/hadoop-2.7.6/share/hadoop/common/lib/jersey-json-1.9.jar:/home/satya/bigdata/hadoop-2.7.6/share/hadoop/common/lib/api-asn1-api-1.0.0-M20.jar:/home/satya/bigdata/hadoop-2.7.6/share/hadoop/common/lib/xmlenc-0.52.jar:/home/satya/bigdata/hadoop-2.7.6/share/hadoop/common/lib/slf4j-log4j12-1.7.10.jar:/home/satya/bigdata/hadoop-2.7.6/share/hadoop/common/lib/snappy-java-1.0.4.1.jar:/home/satya/bigdata/hadoop-2.7.6/share/hadoop/common/lib/commons-beanutils-1.7.0.jar:/home/satya/bigdata/hadoop-2.7.6/share/hadoop/common/lib/activation-1.1.jar:/home/satya/bigdata/hadoop-2.7.6/share/hadoop/common/lib/apacheds-kerberos-codec-2.0.0-M15.jar:/home/satya/bigdata/hadoop-2.7.6/share/hadoop/common/lib/jsp-api-2.1.jar:/home/satya/bigdata/hadoop-2.7.6/share/hadoop/common/lib/curator-framework-2.7.1.jar:/home/satya/bigdata/hadoop-2.7.6/share/hadoop/common/lib/jsr305-3.0.0.jar:/home/satya/bigdata/hadoop-2.7.6/share/hadoop/common/lib/jersey-server-1.9.jar:/home/satya/bigdata/hadoop-2.7.6/share/hadoop/common/lib/commons-collections-3.2.2.jar:/home/satya/bigdata/hadoop-2.7.6/share/hadoop/common/lib/commons-cli-1.2.jar:/home/satya/bigdata/hadoop-2.7.6/share/hadoop/common/lib/junit-4.11.jar:/home/satya/bigdata/hadoop-2.7.6/share/hadoop/common/lib/hadoop-annotations-2.7.6.jar:/home/satya/bigdata/hadoop-2.7.6/share/hadoop/common/lib/jersey-core-1.9.jar:/home/satya/bigdata/hadoop-2.7.6/share/hadoop/common/lib/jetty-sslengine-6.1.26.jar:/home/satya/bigdata/hadoop-2.7.6/share/hadoop/common/lib/jaxb-impl-2.2.3-1.jar:/home/satya/bigdata/hadoop-2.7.6/share/hadoop/common/lib/log4j-1.2.17.jar:/home/satya/bigdata/hadoop-2.7.6/share/hadoop/common/lib/netty-3.6.2.Final.jar:/home/satya/bigdata/hadoop-2.7.6/share/hadoop/common/lib/commons-configuration-1.6.jar:/home/satya/bigdata/hadoop-2.7.6/share/hadoop/common/lib/curator-recipes-2.7.1.jar:/home/satya/bigdata/hadoop-2.7.6/share/hadoop/common/lib/apacheds-i18n-2.0.0-M15.jar:/home/satya/bigdata/hadoop-2.7.6/share/hadoop/common/lib/jackson-core-asl-1.9.13.jar:/home/satya/bigdata/hadoop-2.7.6/share/hadoop/common/lib/paranamer-2.3.jar:/home/satya/bigdata/hadoop-2.7.6/share/hadoop/common/lib/mockito-all-1.8.5.jar:/home/satya/bigdata/hadoop-2.7.6/share/hadoop/common/lib/api-util-1.0.0-M20.jar:/home/satya/bigdata/hadoop-2.7.6/share/hadoop/common/lib/httpclient-4.2.5.jar:/home/satya/bigdata/hadoop-2.7.6/share/hadoop/common/lib/jsch-0.1.54.jar:/home/satya/bigdata/hadoop-2.7.6/share/hadoop/common/lib/commons-math3-3.1.1.jar:/home/satya/bigdata/hadoop-2.7.6/share/hadoop/common/lib/commons-codec-1.4.jar:/home/satya/bigdata/hadoop-2.7.6/share/hadoop/common/lib/commons-beanutils-core-1.8.0.jar:/home/satya/bigdata/hadoop-2.7.6/share/hadoop/common/lib/jettison-1.1.jar:/home/satya/bigdata/hadoop-2.7.6/share/hadoop/common/lib/jets3t-0.9.0.jar:/home/satya/bigdata/hadoop-2.7.6/share/hadoop/common/lib/slf4j-api-1.7.10.jar:/home/satya/bigdata/hadoop-2.7.6/share/hadoop/common/lib/commons-logging-1.1.3.jar:/home/satya/bigdata/hadoop-2.7.6/share/hadoop/common/lib/servlet-api-2.5.jar:/home/satya/bigdata/hadoop-2.7.6/share/hadoop/common/hadoop-nfs-2.7.6.jar:/home/satya/bigdata/hadoop-2.7.6/share/hadoop/common/hadoop-common-2.7.6.jar:/home/satya/bigdata/hadoop-2.7.6/share/hadoop/common/hadoop-common-2.7.6-tests.jar:/home/satya/bigdata/hadoop-2.7.6/share/hadoop/hdfs:/home/satya/bigdata/hadoop-2.7.6/share/hadoop/hdfs/lib/jetty-6.1.26.jar:/home/satya/bigdata/hadoop-2.7.6/share/hadoop/hdfs/lib/jetty-util-6.1.26.jar:/home/satya/bigdata/hadoop-2.7.6/share/hadoop/hdfs/lib/htrace-core-3.1.0-incubating.jar:/home/satya/bigdata/hadoop-2.7.6/share/hadoop/hdfs/lib/xercesImpl-2.9.1.jar:/home/satya/bigdata/hadoop-2.7.6/share/hadoop/hdfs/lib/commons-daemon-1.0.13.jar:/home/satya/bigdata/hadoop-2.7.6/share/hadoop/hdfs/lib/xml-apis-1.3.04.jar:/home/satya/bigdata/hadoop-2.7.6/share/hadoop/hdfs/lib/commons-lang-2.6.jar:/home/satya/bigdata/hadoop-2.7.6/share/hadoop/hdfs/lib/guava-11.0.2.jar:/home/satya/bigdata/hadoop-2.7.6/share/hadoop/hdfs/lib/jackson-mapper-asl-1.9.13.jar:/home/satya/bigdata/hadoop-2.7.6/share/hadoop/hdfs/lib/netty-all-4.0.23.Final.jar:/home/satya/bigdata/hadoop-2.7.6/share/hadoop/hdfs/lib/asm-3.2.jar:/home/satya/bigdata/hadoop-2.7.6/share/hadoop/hdfs/lib/protobuf-java-2.5.0.jar:/home/satya/bigdata/hadoop-2.7.6/share/hadoop/hdfs/lib/commons-io-2.4.jar:/home/satya/bigdata/hadoop-2.7.6/share/hadoop/hdfs/lib/leveldbjni-all-1.8.jar:/home/satya/bigdata/hadoop-2.7.6/share/hadoop/hdfs/lib/xmlenc-0.52.jar:/home/satya/bigdata/hadoop-2.7.6/share/hadoop/hdfs/lib/jsr305-3.0.0.jar:/home/satya/bigdata/hadoop-2.7.6/share/hadoop/hdfs/lib/jersey-server-1.9.jar:/home/satya/bigdata/hadoop-2.7.6/share/hadoop/hdfs/lib/commons-cli-1.2.jar:/home/satya/bigdata/hadoop-2.7.6/share/hadoop/hdfs/lib/jersey-core-1.9.jar:/home/satya/bigdata/hadoop-2.7.6/share/hadoop/hdfs/lib/log4j-1.2.17.jar:/home/satya/bigdata/hadoop-2.7.6/share/hadoop/hdfs/lib/netty-3.6.2.Final.jar:/home/satya/bigdata/hadoop-2.7.6/share/hadoop/hdfs/lib/jackson-core-asl-1.9.13.jar:/home/satya/bigdata/hadoop-2.7.6/share/hadoop/hdfs/lib/commons-codec-1.4.jar:/home/satya/bigdata/hadoop-2.7.6/share/hadoop/hdfs/lib/commons-logging-1.1.3.jar:/home/satya/bigdata/hadoop-2.7.6/share/hadoop/hdfs/lib/servlet-api-2.5.jar:/home/satya/bigdata/hadoop-2.7.6/share/hadoop/hdfs/hadoop-hdfs-2.7.6-tests.jar:/home/satya/bigdata/hadoop-2.7.6/share/hadoop/hdfs/hadoop-hdfs-2.7.6.jar:/home/satya/bigdata/hadoop-2.7.6/share/hadoop/hdfs/hadoop-hdfs-nfs-2.7.6.jar:/home/satya/bigdata/hadoop-2.7.6/share/hadoop/yarn/lib/jetty-6.1.26.jar:/home/satya/bigdata/hadoop-2.7.6/share/hadoop/yarn/lib/guice-3.0.jar:/home/satya/bigdata/hadoop-2.7.6/share/hadoop/yarn/lib/jetty-util-6.1.26.jar:/home/satya/bigdata/hadoop-2.7.6/share/hadoop/yarn/lib/jackson-jaxrs-1.9.13.jar:/home/satya/bigdata/hadoop-2.7.6/share/hadoop/yarn/lib/stax-api-1.0-2.jar:/home/satya/bigdata/hadoop-2.7.6/share/hadoop/yarn/lib/commons-lang-2.6.jar:/home/satya/bigdata/hadoop-2.7.6/share/hadoop/yarn/lib/jersey-client-1.9.jar:/home/satya/bigdata/hadoop-2.7.6/share/hadoop/yarn/lib/javax.inject-1.jar:/home/satya/bigdata/hadoop-2.7.6/share/hadoop/yarn/lib/jersey-guice-1.9.jar:/home/satya/bigdata/hadoop-2.7.6/share/hadoop/yarn/lib/guava-11.0.2.jar:/home/satya/bigdata/hadoop-2.7.6/share/hadoop/yarn/lib/jackson-mapper-asl-1.9.13.jar:/home/satya/bigdata/hadoop-2.7.6/share/hadoop/yarn/lib/commons-compress-1.4.1.jar:/home/satya/bigdata/hadoop-2.7.6/share/hadoop/yarn/lib/jaxb-api-2.2.2.jar:/home/satya/bigdata/hadoop-2.7.6/share/hadoop/yarn/lib/zookeeper-3.4.6.jar:/home/satya/bigdata/hadoop-2.7.6/share/hadoop/yarn/lib/asm-3.2.jar:/home/satya/bigdata/hadoop-2.7.6/share/hadoop/yarn/lib/jackson-xc-1.9.13.jar:/home/satya/bigdata/hadoop-2.7.6/share/hadoop/yarn/lib/protobuf-java-2.5.0.jar:/home/satya/bigdata/hadoop-2.7.6/share/hadoop/yarn/lib/commons-io-2.4.jar:/home/satya/bigdata/hadoop-2.7.6/share/hadoop/yarn/lib/xz-1.0.jar:/home/satya/bigdata/hadoop-2.7.6/share/hadoop/yarn/lib/leveldbjni-all-1.8.jar:/home/satya/bigdata/hadoop-2.7.6/share/hadoop/yarn/lib/jersey-json-1.9.jar:/home/satya/bigdata/hadoop-2.7.6/share/hadoop/yarn/lib/zookeeper-3.4.6-tests.jar:/home/satya/bigdata/hadoop-2.7.6/share/hadoop/yarn/lib/activation-1.1.jar:/home/satya/bigdata/hadoop-2.7.6/share/hadoop/yarn/lib/jsr305-3.0.0.jar:/home/satya/bigdata/hadoop-2.7.6/share/hadoop/yarn/lib/jersey-server-1.9.jar:/home/satya/bigdata/hadoop-2.7.6/share/hadoop/yarn/lib/commons-collections-3.2.2.jar:/home/satya/bigdata/hadoop-2.7.6/share/hadoop/yarn/lib/commons-cli-1.2.jar:/home/satya/bigdata/hadoop-2.7.6/share/hadoop/yarn/lib/jersey-core-1.9.jar:/home/satya/bigdata/hadoop-2.7.6/share/hadoop/yarn/lib/jaxb-impl-2.2.3-1.jar:/home/satya/bigdata/hadoop-2.7.6/share/hadoop/yarn/lib/log4j-1.2.17.jar:/home/satya/bigdata/hadoop-2.7.6/share/hadoop/yarn/lib/netty-3.6.2.Final.jar:/home/satya/bigdata/hadoop-2.7.6/share/hadoop/yarn/lib/jackson-core-asl-1.9.13.jar:/home/satya/bigdata/hadoop-2.7.6/share/hadoop/yarn/lib/commons-codec-1.4.jar:/home/satya/bigdata/hadoop-2.7.6/share/hadoop/yarn/lib/guice-servlet-3.0.jar:/home/satya/bigdata/hadoop-2.7.6/share/hadoop/yarn/lib/jettison-1.1.jar:/home/satya/bigdata/hadoop-2.7.6/share/hadoop/yarn/lib/aopalliance-1.0.jar:/home/satya/bigdata/hadoop-2.7.6/share/hadoop/yarn/lib/commons-logging-1.1.3.jar:/home/satya/bigdata/hadoop-2.7.6/share/hadoop/yarn/lib/servlet-api-2.5.jar:/home/satya/bigdata/hadoop-2.7.6/share/hadoop/yarn/hadoop-yarn-server-tests-2.7.6.jar:/home/satya/bigdata/hadoop-2.7.6/share/hadoop/yarn/hadoop-yarn-api-2.7.6.jar:/home/satya/bigdata/hadoop-2.7.6/share/hadoop/yarn/hadoop-yarn-server-nodemanager-2.7.6.jar:/home/satya/bigdata/hadoop-2.7.6/share/hadoop/yarn/hadoop-yarn-server-sharedcachemanager-2.7.6.jar:/home/satya/bigdata/hadoop-2.7.6/share/hadoop/yarn/hadoop-yarn-client-2.7.6.jar:/home/satya/bigdata/hadoop-2.7.6/share/hadoop/yarn/hadoop-yarn-server-applicationhistoryservice-2.7.6.jar:/home/satya/bigdata/hadoop-2.7.6/share/hadoop/yarn/hadoop-yarn-applications-distributedshell-2.7.6.jar:/home/satya/bigdata/hadoop-2.7.6/share/hadoop/yarn/hadoop-yarn-server-web-proxy-2.7.6.jar:/home/satya/bigdata/hadoop-2.7.6/share/hadoop/yarn/hadoop-yarn-applications-unmanaged-am-launcher-2.7.6.jar:/home/satya/bigdata/hadoop-2.7.6/share/hadoop/yarn/hadoop-yarn-server-common-2.7.6.jar:/home/satya/bigdata/hadoop-2.7.6/share/hadoop/yarn/hadoop-yarn-server-resourcemanager-2.7.6.jar:/home/satya/bigdata/hadoop-2.7.6/share/hadoop/yarn/hadoop-yarn-registry-2.7.6.jar:/home/satya/bigdata/hadoop-2.7.6/share/hadoop/yarn/hadoop-yarn-common-2.7.6.jar:/home/satya/bigdata/hadoop-2.7.6/share/hadoop/mapreduce/lib/guice-3.0.jar:/home/satya/bigdata/hadoop-2.7.6/share/hadoop/mapreduce/lib/avro-1.7.4.jar:/home/satya/bigdata/hadoop-2.7.6/share/hadoop/mapreduce/lib/javax.inject-1.jar:/home/satya/bigdata/hadoop-2.7.6/share/hadoop/mapreduce/lib/jersey-guice-1.9.jar:/home/satya/bigdata/hadoop-2.7.6/share/hadoop/mapreduce/lib/jackson-mapper-asl-1.9.13.jar:/home/satya/bigdata/hadoop-2.7.6/share/hadoop/mapreduce/lib/commons-compress-1.4.1.jar:/home/satya/bigdata/hadoop-2.7.6/share/hadoop/mapreduce/lib/asm-3.2.jar:/home/satya/bigdata/hadoop-2.7.6/share/hadoop/mapreduce/lib/protobuf-java-2.5.0.jar:/home/satya/bigdata/hadoop-2.7.6/share/hadoop/mapreduce/lib/commons-io-2.4.jar:/home/satya/bigdata/hadoop-2.7.6/share/hadoop/mapreduce/lib/xz-1.0.jar:/home/satya/bigdata/hadoop-2.7.6/share/hadoop/mapreduce/lib/hamcrest-core-1.3.jar:/home/satya/bigdata/hadoop-2.7.6/share/hadoop/mapreduce/lib/leveldbjni-all-1.8.jar:/home/satya/bigdata/hadoop-2.7.6/share/hadoop/mapreduce/lib/snappy-java-1.0.4.1.jar:/home/satya/bigdata/hadoop-2.7.6/share/hadoop/mapreduce/lib/jersey-server-1.9.jar:/home/satya/bigdata/hadoop-2.7.6/share/hadoop/mapreduce/lib/junit-4.11.jar:/home/satya/bigdata/hadoop-2.7.6/share/hadoop/mapreduce/lib/hadoop-annotations-2.7.6.jar:/home/satya/bigdata/hadoop-2.7.6/share/hadoop/mapreduce/lib/jersey-core-1.9.jar:/home/satya/bigdata/hadoop-2.7.6/share/hadoop/mapreduce/lib/log4j-1.2.17.jar:/home/satya/bigdata/hadoop-2.7.6/share/hadoop/mapreduce/lib/netty-3.6.2.Final.jar:/home/satya/bigdata/hadoop-2.7.6/share/hadoop/mapreduce/lib/jackson-core-asl-1.9.13.jar:/home/satya/bigdata/hadoop-2.7.6/share/hadoop/mapreduce/lib/paranamer-2.3.jar:/home/satya/bigdata/hadoop-2.7.6/share/hadoop/mapreduce/lib/guice-servlet-3.0.jar:/home/satya/bigdata/hadoop-2.7.6/share/hadoop/mapreduce/lib/aopalliance-1.0.jar:/home/satya/bigdata/hadoop-2.7.6/share/hadoop/mapreduce/hadoop-mapreduce-client-shuffle-2.7.6.jar:/home/satya/bigdata/hadoop-2.7.6/share/hadoop/mapreduce/hadoop-mapreduce-client-core-2.7.6.jar:/home/satya/bigdata/hadoop-2.7.6/share/hadoop/mapreduce/hadoop-mapreduce-client-jobclient-2.7.6-tests.jar:/home/satya/bigdata/hadoop-2.7.6/share/hadoop/mapreduce/hadoop-mapreduce-examples-2.7.6.jar:/home/satya/bigdata/hadoop-2.7.6/share/hadoop/mapreduce/hadoop-mapreduce-client-hs-2.7.6.jar:/home/satya/bigdata/hadoop-2.7.6/share/hadoop/mapreduce/hadoop-mapreduce-client-jobclient-2.7.6.jar:/home/satya/bigdata/hadoop-2.7.6/share/hadoop/mapreduce/hadoop-mapreduce-client-common-2.7.6.jar:/home/satya/bigdata/hadoop-2.7.6/share/hadoop/mapreduce/hadoop-mapreduce-client-app-2.7.6.jar:/home/satya/bigdata/hadoop-2.7.6/share/hadoop/mapreduce/hadoop-mapreduce-client-hs-plugins-2.7.6.jar:/contrib/capacity-scheduler/*.jar:/contrib/capacity-scheduler/*.jar:/contrib/capacity-scheduler/*.jar
STARTUP_MSG:   build = https://shv@git-wip-us.apache.org/repos/asf/hadoop.git -r 085099c66cf28be31604560c376fa282e69282b8; compiled by 'kshvachk' on 2018-04-18T01:33Z
STARTUP_MSG:   java = 1.8.0_191
************************************************************/
2018-12-10 15:35:41,749 INFO org.apache.hadoop.hdfs.server.namenode.NameNode: registered UNIX signal handlers for [TERM, HUP, INT]
2018-12-10 15:35:41,751 INFO org.apache.hadoop.hdfs.server.namenode.NameNode: createNameNode []
2018-12-10 15:35:41,891 INFO org.apache.hadoop.metrics2.impl.MetricsConfig: loaded properties from hadoop-metrics2.properties
2018-12-10 15:35:41,934 INFO org.apache.hadoop.metrics2.impl.MetricsSystemImpl: Scheduled snapshot period at 10 second(s).
2018-12-10 15:35:41,934 INFO org.apache.hadoop.metrics2.impl.MetricsSystemImpl: NameNode metrics system started
2018-12-10 15:35:41,936 INFO org.apache.hadoop.hdfs.server.namenode.NameNode: fs.defaultFS is hdfs://localhost:9000
2018-12-10 15:35:41,936 INFO org.apache.hadoop.hdfs.server.namenode.NameNode: Clients are to use localhost:9000 to access this namenode/service.
2018-12-10 15:35:42,015 INFO org.apache.hadoop.hdfs.DFSUtil: Starting Web-server for hdfs at: http://0.0.0.0:50070
2018-12-10 15:35:42,043 INFO org.mortbay.log: Logging to org.slf4j.impl.Log4jLoggerAdapter(org.mortbay.log) via org.mortbay.log.Slf4jLog
2018-12-10 15:35:42,047 INFO org.apache.hadoop.security.authentication.server.AuthenticationFilter: Unable to initialize FileSignerSecretProvider, falling back to use random secrets.
2018-12-10 15:35:42,054 INFO org.apache.hadoop.http.HttpRequestLog: Http request log for http.requests.namenode is not defined
2018-12-10 15:35:42,057 INFO org.apache.hadoop.http.HttpServer2: Added global filter 'safety' (class=org.apache.hadoop.http.HttpServer2$QuotingInputFilter)
2018-12-10 15:35:42,058 INFO org.apache.hadoop.http.HttpServer2: Added filter static_user_filter (class=org.apache.hadoop.http.lib.StaticUserWebFilter$StaticUserFilter) to context hdfs
2018-12-10 15:35:42,058 INFO org.apache.hadoop.http.HttpServer2: Added filter static_user_filter (class=org.apache.hadoop.http.lib.StaticUserWebFilter$StaticUserFilter) to context logs
2018-12-10 15:35:42,058 INFO org.apache.hadoop.http.HttpServer2: Added filter static_user_filter (class=org.apache.hadoop.http.lib.StaticUserWebFilter$StaticUserFilter) to context static
2018-12-10 15:35:42,119 INFO org.apache.hadoop.http.HttpServer2: Added filter 'org.apache.hadoop.hdfs.web.AuthFilter' (class=org.apache.hadoop.hdfs.web.AuthFilter)
2018-12-10 15:35:42,119 INFO org.apache.hadoop.http.HttpServer2: addJerseyResourcePackage: packageName=org.apache.hadoop.hdfs.server.namenode.web.resources;org.apache.hadoop.hdfs.web.resources, pathSpec=/webhdfs/v1/*
2018-12-10 15:35:42,126 INFO org.apache.hadoop.http.HttpServer2: Jetty bound to port 50070
2018-12-10 15:35:42,126 INFO org.mortbay.log: jetty-6.1.26
2018-12-10 15:35:42,184 INFO org.mortbay.log: Started HttpServer2$SelectChannelConnectorWithSafeStartup@0.0.0.0:50070
2018-12-10 15:35:42,199 WARN org.apache.hadoop.hdfs.server.common.Util: Path /home/satya/bigdata/nodes/dfs/namenode should be specified as a URI in configuration files. Please update hdfs configuration.
2018-12-10 15:35:42,199 WARN org.apache.hadoop.hdfs.server.common.Util: Path /home/satya/bigdata/nodes/dfs/namenode should be specified as a URI in configuration files. Please update hdfs configuration.
2018-12-10 15:35:42,199 WARN org.apache.hadoop.hdfs.server.namenode.FSNamesystem: Only one image storage directory (dfs.namenode.name.dir) configured. Beware of data loss due to lack of redundant storage directories!
2018-12-10 15:35:42,199 WARN org.apache.hadoop.hdfs.server.namenode.FSNamesystem: Only one namespace edits storage directory (dfs.namenode.edits.dir) configured. Beware of data loss due to lack of redundant storage directories!
2018-12-10 15:35:42,202 WARN org.apache.hadoop.hdfs.server.common.Util: Path /home/satya/bigdata/nodes/dfs/namenode should be specified as a URI in configuration files. Please update hdfs configuration.
2018-12-10 15:35:42,202 WARN org.apache.hadoop.hdfs.server.common.Util: Path /home/satya/bigdata/nodes/dfs/namenode should be specified as a URI in configuration files. Please update hdfs configuration.
2018-12-10 15:35:42,218 INFO org.apache.hadoop.hdfs.server.namenode.FSNamesystem: No KeyProvider found.
2018-12-10 15:35:42,219 INFO org.apache.hadoop.hdfs.server.namenode.FSNamesystem: fsLock is fair: true
2018-12-10 15:35:42,220 INFO org.apache.hadoop.hdfs.server.namenode.FSNamesystem: Detailed lock hold time metrics enabled: false
2018-12-10 15:35:42,240 INFO org.apache.hadoop.hdfs.server.blockmanagement.DatanodeManager: dfs.block.invalidate.limit=1000
2018-12-10 15:35:42,240 INFO org.apache.hadoop.hdfs.server.blockmanagement.DatanodeManager: dfs.namenode.datanode.registration.ip-hostname-check=true
2018-12-10 15:35:42,241 INFO org.apache.hadoop.hdfs.server.blockmanagement.BlockManager: dfs.namenode.startup.delay.block.deletion.sec is set to 000:00:00:00.000
2018-12-10 15:35:42,241 INFO org.apache.hadoop.hdfs.server.blockmanagement.BlockManager: The block deletion will start around 2018 Dec 10 15:35:42
2018-12-10 15:35:42,242 INFO org.apache.hadoop.util.GSet: Computing capacity for map BlocksMap
2018-12-10 15:35:42,242 INFO org.apache.hadoop.util.GSet: VM type       = 64-bit
2018-12-10 15:35:42,243 INFO org.apache.hadoop.util.GSet: 2.0% max memory 889 MB = 17.8 MB
2018-12-10 15:35:42,243 INFO org.apache.hadoop.util.GSet: capacity      = 2^21 = 2097152 entries
2018-12-10 15:35:42,252 INFO org.apache.hadoop.hdfs.server.blockmanagement.BlockManager: dfs.block.access.token.enable=false
2018-12-10 15:35:42,252 INFO org.apache.hadoop.hdfs.server.blockmanagement.BlockManager: defaultReplication         = 1
2018-12-10 15:35:42,252 INFO org.apache.hadoop.hdfs.server.blockmanagement.BlockManager: maxReplication             = 512
2018-12-10 15:35:42,252 INFO org.apache.hadoop.hdfs.server.blockmanagement.BlockManager: minReplication             = 1
2018-12-10 15:35:42,252 INFO org.apache.hadoop.hdfs.server.blockmanagement.BlockManager: maxReplicationStreams      = 2
2018-12-10 15:35:42,252 INFO org.apache.hadoop.hdfs.server.blockmanagement.BlockManager: replicationRecheckInterval = 3000
2018-12-10 15:35:42,252 INFO org.apache.hadoop.hdfs.server.blockmanagement.BlockManager: encryptDataTransfer        = false
2018-12-10 15:35:42,252 INFO org.apache.hadoop.hdfs.server.blockmanagement.BlockManager: maxNumBlocksToLog          = 1000
2018-12-10 15:35:42,255 INFO org.apache.hadoop.hdfs.server.namenode.FSNamesystem: fsOwner             = satya (auth:SIMPLE)
2018-12-10 15:35:42,255 INFO org.apache.hadoop.hdfs.server.namenode.FSNamesystem: supergroup          = supergroup
2018-12-10 15:35:42,255 INFO org.apache.hadoop.hdfs.server.namenode.FSNamesystem: isPermissionEnabled = true
2018-12-10 15:35:42,255 INFO org.apache.hadoop.hdfs.server.namenode.FSNamesystem: HA Enabled: false
2018-12-10 15:35:42,256 INFO org.apache.hadoop.hdfs.server.namenode.FSNamesystem: Append Enabled: true
2018-12-10 15:35:42,393 INFO org.apache.hadoop.util.GSet: Computing capacity for map INodeMap
2018-12-10 15:35:42,393 INFO org.apache.hadoop.util.GSet: VM type       = 64-bit
2018-12-10 15:35:42,393 INFO org.apache.hadoop.util.GSet: 1.0% max memory 889 MB = 8.9 MB
2018-12-10 15:35:42,393 INFO org.apache.hadoop.util.GSet: capacity      = 2^20 = 1048576 entries
2018-12-10 15:35:42,393 INFO org.apache.hadoop.hdfs.server.namenode.FSDirectory: ACLs enabled? false
2018-12-10 15:35:42,393 INFO org.apache.hadoop.hdfs.server.namenode.FSDirectory: XAttrs enabled? true
2018-12-10 15:35:42,393 INFO org.apache.hadoop.hdfs.server.namenode.FSDirectory: Maximum size of an xattr: 16384
2018-12-10 15:35:42,394 INFO org.apache.hadoop.hdfs.server.namenode.NameNode: Caching file names occuring more than 10 times
2018-12-10 15:35:42,397 INFO org.apache.hadoop.util.GSet: Computing capacity for map cachedBlocks
2018-12-10 15:35:42,397 INFO org.apache.hadoop.util.GSet: VM type       = 64-bit
2018-12-10 15:35:42,397 INFO org.apache.hadoop.util.GSet: 0.25% max memory 889 MB = 2.2 MB
2018-12-10 15:35:42,397 INFO org.apache.hadoop.util.GSet: capacity      = 2^18 = 262144 entries
2018-12-10 15:35:42,398 INFO org.apache.hadoop.hdfs.server.namenode.FSNamesystem: dfs.namenode.safemode.threshold-pct = 0.9990000128746033
2018-12-10 15:35:42,398 INFO org.apache.hadoop.hdfs.server.namenode.FSNamesystem: dfs.namenode.safemode.min.datanodes = 0
2018-12-10 15:35:42,398 INFO org.apache.hadoop.hdfs.server.namenode.FSNamesystem: dfs.namenode.safemode.extension     = 30000
2018-12-10 15:35:42,400 INFO org.apache.hadoop.hdfs.server.namenode.top.metrics.TopMetrics: NNTop conf: dfs.namenode.top.window.num.buckets = 10
2018-12-10 15:35:42,400 INFO org.apache.hadoop.hdfs.server.namenode.top.metrics.TopMetrics: NNTop conf: dfs.namenode.top.num.users = 10
2018-12-10 15:35:42,400 INFO org.apache.hadoop.hdfs.server.namenode.top.metrics.TopMetrics: NNTop conf: dfs.namenode.top.windows.minutes = 1,5,25
2018-12-10 15:35:42,401 INFO org.apache.hadoop.hdfs.server.namenode.FSNamesystem: Retry cache on namenode is enabled
2018-12-10 15:35:42,401 INFO org.apache.hadoop.hdfs.server.namenode.FSNamesystem: Retry cache will use 0.03 of total heap and retry cache entry expiry time is 600000 millis
2018-12-10 15:35:42,402 INFO org.apache.hadoop.util.GSet: Computing capacity for map NameNodeRetryCache
2018-12-10 15:35:42,402 INFO org.apache.hadoop.util.GSet: VM type       = 64-bit
2018-12-10 15:35:42,402 INFO org.apache.hadoop.util.GSet: 0.029999999329447746% max memory 889 MB = 273.1 KB
2018-12-10 15:35:42,402 INFO org.apache.hadoop.util.GSet: capacity      = 2^15 = 32768 entries
2018-12-10 15:35:42,439 INFO org.apache.hadoop.hdfs.server.common.Storage: Lock on /home/satya/bigdata/nodes/dfs/namenode/in_use.lock acquired by nodename 11489@satya-HP-ProDesk-600-G3-SFF
2018-12-10 15:35:42,461 INFO org.apache.hadoop.hdfs.server.namenode.FileJournalManager: Recovering unfinalized segments in /home/satya/bigdata/nodes/dfs/namenode/current
2018-12-10 15:35:42,461 INFO org.apache.hadoop.hdfs.server.namenode.FSImage: No edit log streams selected.
2018-12-10 15:35:42,461 INFO org.apache.hadoop.hdfs.server.namenode.FSImage: Planning to load image: FSImageFile(file=/home/satya/bigdata/nodes/dfs/namenode/current/fsimage_0000000000000000000, cpktTxId=0000000000000000000)
2018-12-10 15:35:42,478 INFO org.apache.hadoop.hdfs.server.namenode.FSImageFormatPBINode: Loading 1 INodes.
2018-12-10 15:35:42,490 INFO org.apache.hadoop.hdfs.server.namenode.FSImageFormatProtobuf: Loaded FSImage in 0 seconds.
2018-12-10 15:35:42,490 INFO org.apache.hadoop.hdfs.server.namenode.FSImage: Loaded image for txid 0 from /home/satya/bigdata/nodes/dfs/namenode/current/fsimage_0000000000000000000
2018-12-10 15:35:42,492 INFO org.apache.hadoop.hdfs.server.namenode.FSImage: Initializing quota with 4 thread(s)
2018-12-10 15:35:42,495 INFO org.apache.hadoop.hdfs.server.namenode.FSImage: Quota initialization completed in 3 milliseconds
name space=1
storage space=0
storage types=RAM_DISK=0, SSD=0, DISK=0, ARCHIVE=0
2018-12-10 15:35:42,496 INFO org.apache.hadoop.hdfs.server.namenode.FSNamesystem: Need to save fs image? false (staleImage=false, haEnabled=false, isRollingUpgrade=false)
2018-12-10 15:35:42,496 INFO org.apache.hadoop.hdfs.server.namenode.FSEditLog: Starting log segment at 1
2018-12-10 15:35:42,657 INFO org.apache.hadoop.hdfs.server.namenode.NameCache: initialized with 0 entries 0 lookups
2018-12-10 15:35:42,657 INFO org.apache.hadoop.hdfs.server.namenode.FSNamesystem: Finished loading FSImage in 253 msecs
2018-12-10 15:35:42,770 INFO org.apache.hadoop.hdfs.server.namenode.NameNode: RPC server is binding to localhost:9000
2018-12-10 15:35:42,773 INFO org.apache.hadoop.ipc.CallQueueManager: Using callQueue: class java.util.concurrent.LinkedBlockingQueue queueCapacity: 1000
2018-12-10 15:35:42,779 INFO org.apache.hadoop.ipc.Server: Starting Socket Reader #1 for port 9000
2018-12-10 15:35:42,804 INFO org.apache.hadoop.hdfs.server.namenode.FSNamesystem: Registered FSNamesystemState MBean
2018-12-10 15:35:42,804 WARN org.apache.hadoop.hdfs.server.common.Util: Path /home/satya/bigdata/nodes/dfs/namenode should be specified as a URI in configuration files. Please update hdfs configuration.
2018-12-10 15:35:42,807 INFO org.apache.hadoop.hdfs.server.namenode.LeaseManager: Number of blocks under construction: 0
2018-12-10 15:35:42,807 INFO org.apache.hadoop.hdfs.server.namenode.LeaseManager: Number of blocks under construction: 0
2018-12-10 15:35:42,807 INFO org.apache.hadoop.hdfs.server.namenode.FSNamesystem: initializing replication queues
2018-12-10 15:35:42,808 INFO org.apache.hadoop.hdfs.StateChange: STATE* Leaving safe mode after 0 secs
2018-12-10 15:35:42,808 INFO org.apache.hadoop.hdfs.StateChange: STATE* Network topology has 0 racks and 0 datanodes
2018-12-10 15:35:42,808 INFO org.apache.hadoop.hdfs.StateChange: STATE* UnderReplicatedBlocks has 0 blocks
2018-12-10 15:35:42,811 INFO org.apache.hadoop.hdfs.server.blockmanagement.DatanodeDescriptor: Number of failed storage changes from 0 to 0
2018-12-10 15:35:42,814 INFO org.apache.hadoop.hdfs.server.blockmanagement.BlockManager: Total number of blocks            = 0
2018-12-10 15:35:42,814 INFO org.apache.hadoop.hdfs.server.blockmanagement.BlockManager: Number of invalid blocks          = 0
2018-12-10 15:35:42,814 INFO org.apache.hadoop.hdfs.server.blockmanagement.BlockManager: Number of under-replicated blocks = 0
2018-12-10 15:35:42,814 INFO org.apache.hadoop.hdfs.server.blockmanagement.BlockManager: Number of  over-replicated blocks = 0
2018-12-10 15:35:42,814 INFO org.apache.hadoop.hdfs.server.blockmanagement.BlockManager: Number of blocks being written    = 0
2018-12-10 15:35:42,814 INFO org.apache.hadoop.hdfs.StateChange: STATE* Replication Queue initialization scan for invalid, over- and under-replicated blocks completed in 6 msec
2018-12-10 15:35:42,824 INFO org.apache.hadoop.ipc.Server: IPC Server Responder: starting
2018-12-10 15:35:42,824 INFO org.apache.hadoop.ipc.Server: IPC Server listener on 9000: starting
2018-12-10 15:35:42,837 INFO org.apache.hadoop.hdfs.server.namenode.NameNode: NameNode RPC up at: localhost/127.0.0.1:9000
2018-12-10 15:35:42,837 INFO org.apache.hadoop.hdfs.server.namenode.FSNamesystem: Starting services required for active state
2018-12-10 15:35:42,838 INFO org.apache.hadoop.hdfs.server.blockmanagement.CacheReplicationMonitor: Starting CacheReplicationMonitor with interval 30000 milliseconds
2018-12-10 15:37:01,239 INFO org.apache.hadoop.hdfs.server.namenode.FSNamesystem: Roll Edit Log from 127.0.0.1
2018-12-10 15:37:01,239 INFO org.apache.hadoop.hdfs.server.namenode.FSEditLog: Rolling edit logs
2018-12-10 15:37:01,239 INFO org.apache.hadoop.hdfs.server.namenode.FSEditLog: Ending log segment 1
2018-12-10 15:37:01,239 INFO org.apache.hadoop.hdfs.server.namenode.FSEditLog: Number of transactions: 2 Total time for transactions(ms): 1 Number of transactions batched in Syncs: 0 Number of syncs: 2 SyncTimes(ms): 63 
2018-12-10 15:37:01,256 INFO org.apache.hadoop.hdfs.server.namenode.FSEditLog: Number of transactions: 2 Total time for transactions(ms): 1 Number of transactions batched in Syncs: 0 Number of syncs: 3 SyncTimes(ms): 80 
2018-12-10 15:37:01,257 INFO org.apache.hadoop.hdfs.server.namenode.FileJournalManager: Finalizing edits file /home/satya/bigdata/nodes/dfs/namenode/current/edits_inprogress_0000000000000000001 -> /home/satya/bigdata/nodes/dfs/namenode/current/edits_0000000000000000001-0000000000000000002
2018-12-10 15:37:01,258 INFO org.apache.hadoop.hdfs.server.namenode.FSEditLog: Starting log segment at 3
2018-12-10 15:37:26,817 ERROR org.apache.hadoop.hdfs.server.namenode.NameNode: RECEIVED SIGNAL 15: SIGTERM
2018-12-10 15:37:26,819 INFO org.apache.hadoop.hdfs.server.namenode.NameNode: SHUTDOWN_MSG: 
/************************************************************
SHUTDOWN_MSG: Shutting down NameNode at satya-HP-ProDesk-600-G3-SFF/127.0.1.1
************************************************************/
